<?xml version="1.0" encoding="UTF-8"?>
<testsuite xmlns:xsi="http://www.w3.org/2001/XMLSchema-instance" xsi:noNamespaceSchemaLocation="https://maven.apache.org/surefire/maven-surefire-plugin/xsd/surefire-test-report.xsd" version="3.0.2" name="com.udemy.ProjetoBancario.ProjetoBancarioApplicationTests" time="3.69" tests="1" errors="0" skipped="0" failures="0">
  <properties>
[...]
</properties>
  <testcase name="contextLoads" classname="com.udemy.ProjetoBancario.ProjetoBancarioApplicationTests" time="0.853">
    <system-out><![CDATA[23:10:22.308 [main] INFO org.springframework.test.context.support.AnnotationConfigContextLoaderUtils -- Could not detect default configuration classes for test class [com.udemy.ProjetoBancario.ProjetoBancarioApplicationTests]: ProjetoBancarioApplicationTests does not declare any static, non-private, non-final, nested classes annotated with @Configuration.
23:10:22.455 [main] INFO org.springframework.boot.test.context.SpringBootTestContextBootstrapper -- Found @SpringBootConfiguration com.udemy.ProjetoBancario.ProjetoBancarioApplication for test class com.udemy.ProjetoBancario.ProjetoBancarioApplicationTests

  .   ____          _            __ _ _
 /\\ / ___'_ __ _ _(_)_ __  __ _ \ \ \ \
( ( )\___ | '_ | '_| | '_ \/ _` | \ \ \ \
 \\/  ___)| |_)| | | | | || (_| |  ) ) ) )
  '  |____| .__|_| |_|_| |_\__, | / / / /
 =========|_|==============|___/=/_/_/_/

 :: Spring Boot ::                (v3.5.4)

2025-08-18T23:10:23.177-04:00  INFO 25466 --- [Meu Primeiro Batch] [           main] c.u.P.ProjetoBancarioApplicationTests    : Starting ProjetoBancarioApplicationTests using Java 17.0.16 with PID 25466 (started by edu in /home/edu/Documentos/Desenvolvimento/Java/workspaces/ProjetoBancario)
2025-08-18T23:10:23.180-04:00  INFO 25466 --- [Meu Primeiro Batch] [           main] c.u.P.ProjetoBancarioApplicationTests    : No active profile set, falling back to 1 default profile: "default"
2025-08-18T23:10:24.082-04:00  INFO 25466 --- [Meu Primeiro Batch] [           main] com.zaxxer.hikari.HikariDataSource       : HikariPool-1 - Starting...
2025-08-18T23:10:24.556-04:00  INFO 25466 --- [Meu Primeiro Batch] [           main] com.zaxxer.hikari.pool.HikariPool        : HikariPool-1 - Added connection com.mysql.cj.jdbc.ConnectionImpl@76e90da5
2025-08-18T23:10:24.559-04:00  INFO 25466 --- [Meu Primeiro Batch] [           main] com.zaxxer.hikari.HikariDataSource       : HikariPool-1 - Start completed.
2025-08-18T23:10:24.938-04:00  INFO 25466 --- [Meu Primeiro Batch] [           main] c.u.P.ProjetoBancarioApplicationTests    : Started ProjetoBancarioApplicationTests in 2.292 seconds (process running for 3.47)
2025-08-18T23:10:24.943-04:00  INFO 25466 --- [Meu Primeiro Batch] [           main] o.s.b.a.b.JobLauncherApplicationRunner   : Running default command line with: []
]]></system-out>
  </testcase>
</testsuite>